---------------------------------------
Begin Slurm Prolog: Jan-15-2026 10:45:17
Job ID:    4023196
User ID:   khom9
Account:   cse
Job name:  Run_Fit_MultiBrain_Template
Partition: coe-gpu
QOS:       coe-ice
---------------------------------------


------------------------------------------------------------------------
15-Jan-2026 10:48:44 - Running job #1
------------------------------------------------------------------------
15-Jan-2026 10:48:44 - Running 'Fit Multi-Brain model'
Rigid (zoom=1/16): 16 x 22 x 22
Starting parallel pool (parpool) using the 'Processes' profile ...
Connected to parallel pool with 32 workers.
  5.4536
  5.4071
  5.3922
  5.3881
  5.3860
  5.3847
  5.3840
  5.3835
  5.3832
  5.3828
  5.3819
  5.3814
  5.3811
  5.3802
  5.3801
  5.3800
  5.3799
  5.3796

zoom=1/16: 16 x 22 x 22
  5.3357
  5.3355
  5.3105
  5.3026
  5.2990
  5.2973
  5.2965

zoom=1/8: 32 x 44 x 43
  5.2089
  5.2068
  5.1949
  5.1910
  5.1893
  5.1882
  5.1876

zoom=1/4: 64 x 88 x 86
  5.1028
  5.1011
  5.0883
  5.0839
  5.0818
  5.0806
  5.0795
  5.0788

zoom=1/2: 127 x 175 x 171
  5.0231
  5.0225
  5.0145
  5.0129
  5.0119

zoom=1/1: 254 x 350 x 342
  4.9775
  4.9765
  4.9701
  4.9687
15-Jan-2026 18:19:02 - Done    'Fit Multi-Brain model'
15-Jan-2026 18:19:03 - Done

Copied files
tar: multibrain-mri-y: Cannot stat: No such file or directory
tar: Exiting with failure status due to previous errors
Compressed folder
Done
---------------------------------------
Begin Slurm Epilog: Jan-15-2026 18:23:17
Job ID:        4023196
User ID:       khom9
Account:       cse
Job name:      Run_Fit_MultiBrain_Template
Resources:     cpu=32,gres/gpu:h200=1,mem=384G,node=1
Rsrc Used:     cput=10-04:17:04,vmem=0,walltime=07:38:02,mem=402621424K,energy_used=0
Partition:     coe-gpu
QOS:           coe-ice
Nodes:         atl1-1-03-017-16-0
---------------------------------------
