---------------------------------------
Begin Slurm Prolog: Jan-09-2026 12:40:23
Job ID:    4021273
User ID:   khom9
Account:   cse
Job name:  Run_Fit_MultiBrain
Partition: coe-gpu
QOS:       coe-ice
---------------------------------------


------------------------------------------------------------------------
09-Jan-2026 12:40:47 - Running job #1
------------------------------------------------------------------------
09-Jan-2026 12:40:47 - Running 'Fit Multi-Brain model'
Rigid (zoom=1/16): 16 x 22 x 22
Starting parallel pool (parpool) using the 'Processes' profile ...
Connected to parallel pool with 32 workers.
  5.9721  5.7186
  5.7181  5.6038
  5.6201  5.5359
  5.5399  5.4832
  5.4857  5.4477
  5.4697  5.4408
  5.4406  5.4254
  5.4251  5.4148
  5.4276  5.4158
  5.4153  5.4090
  5.4087  5.4041
  5.4171  5.4115
  5.4110  5.4078
  5.4074  5.4048
  5.4045  5.4024
  5.4022  5.4005
  5.4002  5.3986
  5.3984  5.3971
  5.3970  5.3955
  5.3953  5.3943
  5.3942  5.3934
  5.3933  5.3924
  5.3923  5.3917
  5.3916  5.3910
  5.3909  5.3904
  5.3903  5.3898

zoom=1/16: 16 x 22 x 22
  5.3586  5.3575  5.3567  5.3561
  5.3557  5.3552  5.3546
  5.3258  5.3240  5.3227  5.3217  5.3207
  5.3104  5.3089  5.3076  5.3066  5.3056
  5.3004  5.2991  5.2979  5.2969  5.2961
  5.2935  5.2926  5.2918
  5.2901  5.2893  5.2885
  5.2878  5.2871  5.2864
  5.2860  5.2853  5.2846
  5.2845  5.2838  5.2833
  5.2832  5.2827  5.2821
  5.2821  5.2816  5.2811

zoom=1/8: 32 x 44 x 43
  5.2670  5.2518  5.2429  5.2370  5.2328
  5.2321  5.2289  5.2264  5.2245  5.2229
  5.2150  5.2129  5.2112  5.2098  5.2086
  5.2063  5.2050  5.2038  5.2028  5.2019
  5.2011  5.2002  5.1994
  5.1992  5.1983  5.1976
  5.1973  5.1965  5.1958
  5.1959  5.1952  5.1946
  5.1947  5.1941  5.1936

zoom=1/4: 64 x 88 x 86
  5.1656  5.1524  5.1448  5.1401  5.1368
  5.1364  5.1339  5.1321  5.1307  5.1296
  5.1225  5.1206  5.1193  5.1183  5.1175
  5.1159  5.1147  5.1139  5.1132
  5.1128  5.1119  5.1112
  5.1113  5.1105  5.1099
  5.1101  5.1095  5.1088
  5.1089  5.1083  5.1078

zoom=1/2: 127 x 175 x 171
  5.0874  5.0793  5.0751  5.0724  5.0706
  5.0704  5.0690  5.0680  5.0671  5.0664
  5.0584  5.0569  5.0559  5.0551  5.0544
  5.0524  5.0512  5.0504  5.0497
  5.0492  5.0481  5.0473  5.0467
  5.0466  5.0458  5.0453

zoom=1/1: 254 x 350 x 342
  5.0382  5.0312  5.0285  5.0263  5.0253
  5.0237  5.0222  5.0217  5.0211
  5.0160  5.0149  5.0142  5.0137
  5.0130  5.0119  5.0114  5.0110
10-Jan-2026 04:18:25 - Done    'Fit Multi-Brain model'
10-Jan-2026 04:18:25 - Done

Copied template
Copied files
---------------------------------------
Begin Slurm Epilog: Jan-10-2026 04:22:29
Job ID:        4021273
User ID:       khom9
Account:       cse
Job name:      Run_Fit_MultiBrain
Resources:     cpu=32,gres/gpu:h100=1,mem=384G,node=1
Rsrc Used:     cput=20-22:27:12,vmem=0,walltime=15:42:06,mem=402624500K,energy_used=0
Partition:     coe-gpu
QOS:           coe-ice
Nodes:         atl1-1-03-010-15-0
---------------------------------------
